<?xml version="1.0" encoding="utf-8"?><testsuites name="pytest tests"><testsuite name="pytest" errors="0" failures="0" skipped="0" tests="12" time="3.554" timestamp="2026-06-28T13:32:27.454655+00:00" hostname="agent-env-c466b9f7-0f69-4f3a-bc63-a00b891d27f3"><testcase classname="tests.test_iteration19.TestEmptyFeed" name="test_empty_feed" time="0.729" /><testcase classname="tests.test_iteration19.TestCreatePostHydration" name="test_create_post_returns_hydrated_postout" time="0.560" /><testcase classname="tests.test_iteration19.TestCreatePostHydration" name="test_feed_includes_created_post" time="0.101" /><testcase classname="tests.test_iteration19.TestNiceToggleBatched" name="test_nice_then_feed_shows_liked" time="0.215" /><testcase classname="tests.test_iteration19.TestNiceToggleBatched" name="test_nice_toggle_off" time="0.202" /><testcase classname="tests.test_iteration19.TestCommentBatched" name="test_comment_then_feed" time="0.197" /><testcase classname="tests.test_iteration19.TestUserPostsBatched" name="test_user_posts_endpoint" time="0.105" /><testcase classname="tests.test_iteration19.TestLikesProjection" name="test_likes_endpoint" time="0.107" /><testcase classname="tests.test_iteration19.TestFriendsProjection" name="test_friends_endpoint" time="0.107" /><testcase classname="tests.test_iteration19.TestFriendsProjection" name="test_my_friends_endpoint" time="0.106" /><testcase classname="tests.test_iteration19.TestMobileMultipartRegression" name="test_post_hi_multipart" time="0.101" /><testcase classname="tests.test_iteration19.TestMultiPostFeed" name="test_multi_post_batch" time="0.935" /></testsuite></testsuites>