<?xml version="1.0" encoding="utf-8"?><testsuites name="pytest tests"><testsuite name="pytest" errors="0" failures="0" skipped="0" tests="10" time="4.135" timestamp="2026-08-13T01:03:27.508903+00:00" hostname="agent-env-37907c6a-14dd-4ef1-9975-885311c48b7c"><testcase classname="backend.tests.test_iteration46_clubhouse_media" name="test_empty_post_rejected" time="0.796" /><testcase classname="backend.tests.test_iteration46_clubhouse_media" name="test_whitespace_only_rejected" time="0.104" /><testcase classname="backend.tests.test_iteration46_clubhouse_media" name="test_text_only_ok" time="0.114" /><testcase classname="backend.tests.test_iteration46_clubhouse_media" name="test_image_only_ok" time="1.136" /><testcase classname="backend.tests.test_iteration46_clubhouse_media" name="test_video_only_ok" time="0.108" /><testcase classname="backend.tests.test_iteration46_clubhouse_media" name="test_full_post_echo" time="0.105" /><testcase classname="backend.tests.test_iteration46_clubhouse_media" name="test_get_feed_includes_media_fields" time="0.278" /><testcase classname="backend.tests.test_iteration46_clubhouse_media" name="test_non_member_cannot_post" time="0.602" /><testcase classname="backend.tests.test_iteration46_clubhouse_media" name="test_director_can_mute_member" time="0.707" /><testcase classname="backend.tests.test_iteration46_clubhouse_media" name="test_mute_persists" time="0.108" /></testsuite></testsuites>