<?xml version="1.0" encoding="utf-8"?><testsuites name="pytest tests"><testsuite name="pytest" errors="0" failures="0" skipped="0" tests="10" time="3.325" timestamp="2026-06-29T19:51:38.999115+00:00" hostname="agent-env-c466b9f7-0f69-4f3a-bc63-a00b891d27f3"><testcase classname="backend.tests.test_iteration20.TestAddCourseUser" name="test_add_course_success" time="0.902" /><testcase classname="backend.tests.test_iteration20.TestAddCourseUser" name="test_get_courses_includes_new" time="0.105" /><testcase classname="backend.tests.test_iteration20.TestAddCourseUser" name="test_get_single_course" time="0.860" /><testcase classname="backend.tests.test_iteration20.TestAddCourseUser" name="test_add_duplicate_returns_409" time="0.151" /><testcase classname="backend.tests.test_iteration20.TestAddCourseUser" name="test_add_duplicate_case_insensitive" time="0.146" /><testcase classname="backend.tests.test_iteration20.TestAddCourseUser" name="test_empty_name_rejected" time="0.101" /><testcase classname="backend.tests.test_iteration20.TestAddCourseUser" name="test_whitespace_only_name_rejected" time="0.110" /><testcase classname="backend.tests.test_iteration20.TestAddCourseUser" name="test_no_auth_rejected" time="0.145" /><testcase classname="backend.tests.test_iteration20.TestAdminAddCourseRegression" name="test_admin_add_course_still_works" time="0.142" /><testcase classname="backend.tests.test_iteration20.TestAdminAddCourseRegression" name="test_admin_add_course_requires_admin_key" time="0.587" /></testsuite></testsuites>