<?xml version="1.0" encoding="utf-8"?><testsuites name="pytest tests"><testsuite name="pytest" errors="0" failures="0" skipped="0" tests="9" time="3.739" timestamp="2026-08-11T22:21:50.760196+00:00" hostname="agent-env-37907c6a-14dd-4ef1-9975-885311c48b7c"><testcase classname="backend.tests.test_iteration45_regression" name="test_get_round" time="1.258" /><testcase classname="backend.tests.test_iteration45_regression" name="test_get_round_chat" time="0.217" /><testcase classname="backend.tests.test_iteration45_regression" name="test_get_league_members" time="0.145" /><testcase classname="backend.tests.test_iteration45_regression" name="test_join_round" time="0.120" /><testcase classname="backend.tests.test_iteration45_regression" name="test_create_card" time="0.130" /><testcase classname="backend.tests.test_iteration45_regression" name="test_patch_scorecard_score" time="0.242" /><testcase classname="backend.tests.test_iteration45_regression" name="test_auto_pair" time="0.154" /><testcase classname="backend.tests.test_iteration44" name="test_ws_round_accepts_firebase_token_no_more_reconnecting_loop" time="1.100" /><testcase classname="backend.tests.test_iteration44" name="test_ws_round_rejects_bad_token" time="0.202" /></testsuite></testsuites>