<?xml version="1.0" encoding="utf-8"?><testsuites name="pytest tests"><testsuite name="pytest" errors="0" failures="0" skipped="0" tests="54" time="17.786" timestamp="2026-07-14T01:54:46.380263+00:00" hostname="agent-env-c466b9f7-0f69-4f3a-bc63-a00b891d27f3"><testcase classname="backend.tests.test_iteration19.TestEmptyFeed" name="test_empty_feed" time="0.756" /><testcase classname="backend.tests.test_iteration19.TestCreatePostHydration" name="test_create_post_returns_hydrated_postout" time="0.554" /><testcase classname="backend.tests.test_iteration19.TestCreatePostHydration" name="test_feed_includes_created_post" time="0.109" /><testcase classname="backend.tests.test_iteration19.TestNiceToggleBatched" name="test_nice_then_feed_shows_liked" time="0.247" /><testcase classname="backend.tests.test_iteration19.TestNiceToggleBatched" name="test_nice_toggle_off" time="0.227" /><testcase classname="backend.tests.test_iteration19.TestCommentBatched" name="test_comment_then_feed" time="0.260" /><testcase classname="backend.tests.test_iteration19.TestUserPostsBatched" name="test_user_posts_endpoint" time="0.108" /><testcase classname="backend.tests.test_iteration19.TestLikesProjection" name="test_likes_endpoint" time="0.105" /><testcase classname="backend.tests.test_iteration19.TestFriendsProjection" name="test_friends_endpoint" time="0.105" /><testcase classname="backend.tests.test_iteration19.TestFriendsProjection" name="test_my_friends_endpoint" time="0.147" /><testcase classname="backend.tests.test_iteration19.TestMobileMultipartRegression" name="test_post_hi_multipart" time="0.106" /><testcase classname="backend.tests.test_iteration19.TestMultiPostFeed" name="test_multi_post_batch" time="0.969" /><testcase classname="backend.tests.test_iteration20.TestAddCourseUser" name="test_add_course_success" time="0.597" /><testcase classname="backend.tests.test_iteration20.TestAddCourseUser" name="test_get_courses_includes_new" time="0.110" /><testcase classname="backend.tests.test_iteration20.TestAddCourseUser" name="test_get_single_course" time="0.104" /><testcase classname="backend.tests.test_iteration20.TestAddCourseUser" name="test_add_duplicate_returns_409" time="0.107" /><testcase classname="backend.tests.test_iteration20.TestAddCourseUser" name="test_add_duplicate_case_insensitive" time="0.111" /><testcase classname="backend.tests.test_iteration20.TestAddCourseUser" name="test_empty_name_rejected" time="0.104" /><testcase classname="backend.tests.test_iteration20.TestAddCourseUser" name="test_whitespace_only_name_rejected" time="0.101" /><testcase classname="backend.tests.test_iteration20.TestAddCourseUser" name="test_no_auth_rejected" time="0.098" /><testcase classname="backend.tests.test_iteration20.TestAdminAddCourseRegression" name="test_admin_add_course_still_works" time="0.285" /><testcase classname="backend.tests.test_iteration20.TestAdminAddCourseRegression" name="test_admin_add_course_requires_admin_key" time="0.699" /><testcase classname="backend.tests.test_iteration21.TestSubmittedByNameOnCreate" name="test_post_returns_submitted_by_name" time="0.655" /><testcase classname="backend.tests.test_iteration21.TestSubmittedByNameOnCreate" name="test_list_includes_submitted_by_name" time="0.107" /><testcase classname="backend.tests.test_iteration21.TestSubmittedByNameOnCreate" name="test_detail_includes_submitted_by_name" time="0.105" /><testcase classname="backend.tests.test_iteration21.TestAnonSubmitterFallback" name="test_anon_post_returns_null" time="0.553" /><testcase classname="backend.tests.test_iteration21.TestAnonSubmitterFallback" name="test_anon_list_returns_null" time="0.096" /><testcase classname="backend.tests.test_iteration21.TestAnonSubmitterFallback" name="test_anon_detail_returns_null" time="0.102" /><testcase classname="backend.tests.test_iteration21.TestAdminSeedSubmitterNull" name="test_admin_seed_returns_null" time="0.315" /><testcase classname="backend.tests.test_iteration21.TestExistingSeededCoursesNoSubmitter" name="test_some_courses_have_null_submitter" time="0.882" /><testcase classname="backend.tests.test_iteration22.TestBrowserCompatibleVideoUrlHelper" name="test_non_cloudinary_url_unchanged" time="0.000" /><testcase classname="backend.tests.test_iteration22.TestBrowserCompatibleVideoUrlHelper" name="test_api_uploads_path_unchanged" time="0.000" /><testcase classname="backend.tests.test_iteration22.TestBrowserCompatibleVideoUrlHelper" name="test_none_returns_none" time="0.000" /><testcase classname="backend.tests.test_iteration22.TestBrowserCompatibleVideoUrlHelper" name="test_empty_string_unchanged" time="0.000" /><testcase classname="backend.tests.test_iteration22.TestBrowserCompatibleVideoUrlHelper" name="test_cloudinary_gets_transform_injected" time="0.000" /><testcase classname="backend.tests.test_iteration22.TestBrowserCompatibleVideoUrlHelper" name="test_cloudinary_with_existing_transform_not_double_injected" time="0.000" /><testcase classname="backend.tests.test_iteration22.TestBrowserCompatibleVideoUrlHelper" name="test_cloudinary_with_new_transform_not_double_injected" time="0.000" /><testcase classname="backend.tests.test_iteration22.TestFeedVideoUrlRewrite" name="test_feed_rewrites_cloudinary_video_url" time="0.670" /><testcase classname="backend.tests.test_iteration22.TestFeedVideoUrlRewrite" name="test_feed_local_video_path_unchanged" time="0.109" /><testcase classname="backend.tests.test_iteration22.TestEditPost" name="test_new_post_has_edited_at_null" time="0.218" /><testcase classname="backend.tests.test_iteration22.TestEditPost" name="test_owner_can_edit_body" time="0.435" /><testcase classname="backend.tests.test_iteration22.TestEditPost" name="test_non_owner_gets_404" time="0.885" /><testcase classname="backend.tests.test_iteration22.TestEditPost" name="test_empty_body_rejected" time="0.308" /><testcase classname="backend.tests.test_iteration22.TestEditPost" name="test_nonexistent_post_404" time="0.107" /><testcase classname="backend.tests.test_iteration22.TestEditPost" name="test_delete_still_works" time="0.801" /><testcase classname="backend.tests.test_iteration23.TestDiscoveryExclusion" name="test_friend_excluded" time="3.151" /><testcase classname="backend.tests.test_iteration23.TestDiscoveryExclusion" name="test_outgoing_friend_request_excluded" time="0.110" /><testcase classname="backend.tests.test_iteration23.TestDiscoveryExclusion" name="test_incoming_friend_request_excluded" time="0.141" /><testcase classname="backend.tests.test_iteration23.TestDiscoveryExclusion" name="test_self_excluded" time="0.120" /><testcase classname="backend.tests.test_iteration23.TestDiscoveryExclusion" name="test_uninteracted_user_appears" time="0.101" /><testcase classname="backend.tests.test_iteration23.TestLegacySwipeExclusion" name="test_swipe_pass_still_excluded" time="0.106" /><testcase classname="backend.tests.test_iteration23.TestFiltersRegression" name="test_radius_miles_smoke" time="0.103" /><testcase classname="backend.tests.test_iteration23.TestFiltersRegression" name="test_interested_in_narrows" time="0.104" /><testcase classname="backend.tests.test_iteration23.TestFiltersRegression" name="test_no_filters_returns_page" time="1.232" /></testsuite></testsuites>