<?xml version="1.0" encoding="utf-8"?><testsuites name="pytest tests"><testsuite name="pytest" errors="0" failures="0" skipped="0" tests="7" time="2.339" timestamp="2026-08-11T23:48:54.366300+00:00" hostname="agent-env-37907c6a-14dd-4ef1-9975-885311c48b7c"><testcase classname="backend.tests.test_iteration45_regression" name="test_get_round" time="1.391" /><testcase classname="backend.tests.test_iteration45_regression" name="test_get_round_chat" time="0.103" /><testcase classname="backend.tests.test_iteration45_regression" name="test_get_league_members" time="0.103" /><testcase classname="backend.tests.test_iteration45_regression" name="test_join_round" time="0.105" /><testcase classname="backend.tests.test_iteration45_regression" name="test_create_card" time="0.103" /><testcase classname="backend.tests.test_iteration45_regression" name="test_patch_scorecard_score" time="0.220" /><testcase classname="backend.tests.test_iteration45_regression" name="test_auto_pair" time="0.143" /></testsuite></testsuites>