<?xml version="1.0" encoding="utf-8"?><testsuites name="pytest tests"><testsuite name="pytest" errors="0" failures="1" skipped="0" tests="30" time="9.522" timestamp="2026-06-29T20:09:30.539642+00:00" hostname="agent-env-c466b9f7-0f69-4f3a-bc63-a00b891d27f3"><testcase classname="backend.tests.test_iteration21.TestSubmittedByNameOnCreate" name="test_post_returns_submitted_by_name" time="0.934"><failure message="AssertionError: {'aceClub': False, 'aceClubCount': None, 'avg_rating': None, 'created_at': '2026-06-29T20:09:31.517882+00:00', ...}&#10;assert None == 'Tester Submitter Y2XOhX'">E   AssertionError: {'aceClub': False, 'aceClubCount': None, 'avg_rating': None, 'created_at': '2026-06-29T20:09:31.517882+00:00', ...}
    assert None == 'Tester Submitter Y2XOhX'</failure></testcase><testcase classname="backend.tests.test_iteration21.TestSubmittedByNameOnCreate" name="test_list_includes_submitted_by_name" time="0.111" /><testcase classname="backend.tests.test_iteration21.TestSubmittedByNameOnCreate" name="test_detail_includes_submitted_by_name" time="0.100" /><testcase classname="backend.tests.test_iteration21.TestAnonSubmitterFallback" name="test_anon_post_returns_null" time="1.289" /><testcase classname="backend.tests.test_iteration21.TestAnonSubmitterFallback" name="test_anon_list_returns_null" time="0.130" /><testcase classname="backend.tests.test_iteration21.TestAnonSubmitterFallback" name="test_anon_detail_returns_null" time="0.104" /><testcase classname="backend.tests.test_iteration21.TestAdminSeedSubmitterNull" name="test_admin_seed_returns_null" time="0.306" /><testcase classname="backend.tests.test_iteration21.TestExistingSeededCoursesNoSubmitter" name="test_some_courses_have_null_submitter" time="0.819" /><testcase classname="backend.tests.test_iteration20.TestAddCourseUser" name="test_add_course_success" time="0.544" /><testcase classname="backend.tests.test_iteration20.TestAddCourseUser" name="test_get_courses_includes_new" time="0.102" /><testcase classname="backend.tests.test_iteration20.TestAddCourseUser" name="test_get_single_course" time="0.106" /><testcase classname="backend.tests.test_iteration20.TestAddCourseUser" name="test_add_duplicate_returns_409" time="0.110" /><testcase classname="backend.tests.test_iteration20.TestAddCourseUser" name="test_add_duplicate_case_insensitive" time="0.102" /><testcase classname="backend.tests.test_iteration20.TestAddCourseUser" name="test_empty_name_rejected" time="0.096" /><testcase classname="backend.tests.test_iteration20.TestAddCourseUser" name="test_whitespace_only_name_rejected" time="0.102" /><testcase classname="backend.tests.test_iteration20.TestAddCourseUser" name="test_no_auth_rejected" time="0.098" /><testcase classname="backend.tests.test_iteration20.TestAdminAddCourseRegression" name="test_admin_add_course_still_works" time="0.107" /><testcase classname="backend.tests.test_iteration20.TestAdminAddCourseRegression" name="test_admin_add_course_requires_admin_key" time="0.551" /><testcase classname="backend.tests.test_iteration19.TestEmptyFeed" name="test_empty_feed" time="0.725" /><testcase classname="backend.tests.test_iteration19.TestCreatePostHydration" name="test_create_post_returns_hydrated_postout" time="0.685" /><testcase classname="backend.tests.test_iteration19.TestCreatePostHydration" name="test_feed_includes_created_post" time="0.112" /><testcase classname="backend.tests.test_iteration19.TestNiceToggleBatched" name="test_nice_then_feed_shows_liked" time="0.215" /><testcase classname="backend.tests.test_iteration19.TestNiceToggleBatched" name="test_nice_toggle_off" time="0.255" /><testcase classname="backend.tests.test_iteration19.TestCommentBatched" name="test_comment_then_feed" time="0.216" /><testcase classname="backend.tests.test_iteration19.TestUserPostsBatched" name="test_user_posts_endpoint" time="0.110" /><testcase classname="backend.tests.test_iteration19.TestLikesProjection" name="test_likes_endpoint" time="0.094" /><testcase classname="backend.tests.test_iteration19.TestFriendsProjection" name="test_friends_endpoint" time="0.103" /><testcase classname="backend.tests.test_iteration19.TestFriendsProjection" name="test_my_friends_endpoint" time="0.124" /><testcase classname="backend.tests.test_iteration19.TestMobileMultipartRegression" name="test_post_hi_multipart" time="0.103" /><testcase classname="backend.tests.test_iteration19.TestMultiPostFeed" name="test_multi_post_batch" time="0.990" /></testsuite></testsuites>