<?xml version="1.0" encoding="utf-8"?><testsuites name="pytest tests"><testsuite name="pytest" errors="0" failures="0" skipped="0" tests="13" time="7.136" timestamp="2026-07-15T16:39:00.029862+00:00" hostname="agent-env-b6a8f11f-9657-45ae-9a55-20ceed63d9d1"><testcase classname="tests.test_iteration2.TestCourseRating" name="test_rounds_have_course_rating" time="0.681" /><testcase classname="tests.test_iteration2.TestCourseRating" name="test_create_round_with_course_rating" time="0.265" /><testcase classname="tests.test_iteration2.TestPlayerRating" name="test_handicaps_include_player_rating" time="2.420" /><testcase classname="tests.test_iteration2.TestWebSocket" name="test_ws_invalid_token_closes_4401" time="0.159" /><testcase classname="tests.test_iteration2.TestWebSocket" name="test_ws_non_member_closes_4403" time="0.371" /><testcase classname="tests.test_iteration2.TestWebSocket" name="test_ws_valid_connection_and_broadcast" time="1.043" /><testcase classname="tests.test_iteration2.TestWebSocket" name="test_ws_league_announcement_broadcast" time="0.823" /><testcase classname="tests.test_iteration2.TestAutoPair" name="test_non_director_403" time="0.101" /><testcase classname="tests.test_iteration2.TestAutoPair" name="test_director_auto_pair_creates_cards" time="0.210" /><testcase classname="tests.test_iteration2.TestCSVExports" name="test_standings_csv_header_and_auth_query" time="0.221" /><testcase classname="tests.test_iteration2.TestCSVExports" name="test_ledger_csv_header_sorted" time="0.313" /><testcase classname="tests.test_iteration2.TestPlayerProfile" name="test_profile_returns_history_and_ratings" time="0.121" /><testcase classname="tests.test_iteration2.TestPlayerProfile" name="test_profile_non_member_403" time="0.334" /></testsuite></testsuites>