<?xml version="1.0" encoding="utf-8"?><testsuites name="pytest tests"><testsuite name="pytest" errors="0" failures="0" skipped="0" tests="3" time="2.022" timestamp="2026-08-14T22:51:21.955788+00:00" hostname="agent-env-37907c6a-14dd-4ef1-9975-885311c48b7c"><testcase classname="backend.tests.test_iteration52" name="test_throw_haversine_accuracy_and_persistence" time="0.792" /><testcase classname="backend.tests.test_iteration52" name="test_throw_rejects_impossible_distance" time="0.538" /><testcase classname="backend.tests.test_iteration52" name="test_vault_summary_shape_empty_user" time="0.624" /></testsuite></testsuites>