<?xml version="1.0" encoding="utf-8"?><testsuites name="pytest tests"><testsuite name="pytest" errors="0" failures="0" skipped="0" tests="16" time="4.374" timestamp="2026-07-18T22:35:44.937009+00:00" hostname="agent-env-c466b9f7-0f69-4f3a-bc63-a00b891d27f3"><testcase classname="backend.tests.test_iteration30.TestCreateRound" name="test_director_can_create_round" time="0.977" /><testcase classname="backend.tests.test_iteration30.TestCreateRound" name="test_non_director_cannot_create_round" time="0.804" /><testcase classname="backend.tests.test_iteration30.TestCreateRound" name="test_non_member_cannot_create_round" time="0.549" /><testcase classname="backend.tests.test_iteration30.TestJoinRound" name="test_member_self_join_creates_card_and_scorecard" time="0.229" /><testcase classname="backend.tests.test_iteration30.TestJoinRound" name="test_join_idempotent" time="0.228" /><testcase classname="backend.tests.test_iteration30.TestJoinRound" name="test_non_member_gets_403" time="0.098" /><testcase classname="backend.tests.test_iteration30.TestJoinRound" name="test_bad_round_404" time="0.113" /><testcase classname="backend.tests.test_iteration30.TestLeagueAudit" name="test_league_created_with_director_member" time="0.106" /><testcase classname="backend.tests.test_iteration30.TestLeagueAudit" name="test_seasons_seeded" time="0.103" /><testcase classname="backend.tests.test_iteration30.TestLeagueAudit" name="test_join_league_creates_player_member" time="0.108" /><testcase classname="backend.tests.test_iteration30.TestLeagueAudit" name="test_browse_lists_league" time="0.102" /><testcase classname="backend.tests.test_iteration30.TestLeagueAudit" name="test_standings" time="0.120" /><testcase classname="backend.tests.test_iteration30.TestLeagueAudit" name="test_ledger_create_list" time="0.224" /><testcase classname="backend.tests.test_iteration30.TestLeagueAudit" name="test_clubhouse_announcements" time="0.104" /><testcase classname="backend.tests.test_iteration30.TestLeagueAudit" name="test_score_update_and_finalize_reject" time="0.210" /><testcase classname="backend.tests.test_iteration30.TestLeagueAudit" name="test_ctp_and_payout" time="0.207" /></testsuite></testsuites>