<?xml version="1.0" encoding="utf-8"?><testsuites name="pytest tests"><testsuite name="pytest" errors="0" failures="0" skipped="0" tests="10" time="3.013" timestamp="2026-07-15T19:14:43.947173+00:00" hostname="agent-env-c466b9f7-0f69-4f3a-bc63-a00b891d27f3"><testcase classname="tests.test_iteration25.TestLeaguesAuthBridge" name="test_get_leagues_authenticated" time="0.623" /><testcase classname="tests.test_iteration25.TestLeaguesAuthBridge" name="test_get_my_leagues_authenticated" time="0.115" /><testcase classname="tests.test_iteration25.TestLeaguesAuthBridge" name="test_no_auth_returns_401" time="0.104" /><testcase classname="tests.test_iteration25.TestLeaguesAuthBridge" name="test_second_user_no_duplicate_key" time="0.578" /><testcase classname="tests.test_iteration25.TestCreateLeague" name="test_create_and_fetch" time="0.237" /><testcase classname="tests.test_iteration25.TestCloudinarySwap" name="test_upload_returns_cloudinary_url" time="0.751" /><testcase classname="tests.test_iteration25.TestRegression" name="test_discovery" time="0.192" /><testcase classname="tests.test_iteration25.TestRegression" name="test_courses" time="0.102" /><testcase classname="tests.test_iteration25.TestRegression" name="test_feed" time="0.108" /><testcase classname="tests.test_iteration25.TestRegression" name="test_users_me" time="0.122" /></testsuite></testsuites>