<?xml version="1.0" encoding="utf-8"?><testsuites name="pytest tests"><testsuite name="pytest" errors="0" failures="0" skipped="0" tests="17" time="65.302" timestamp="2026-08-13T01:24:25.548762+00:00" hostname="agent-env-37907c6a-14dd-4ef1-9975-885311c48b7c"><testcase classname="backend.tests.test_iteration39" name="test_bracket_auto_advance_and_phase4_endpoints" time="4.581" /><testcase classname="backend.tests.test_iteration40" name="test_auto_seed_and_tie_break_override" time="4.371" /><testcase classname="backend.tests.test_iteration41" name="test_standings_csv_moved_and_handicaps_shape" time="0.765" /><testcase classname="backend.tests.test_iteration42" name="test_double_elim_shape_and_loser_drop" time="1.120" /><testcase classname="backend.tests.test_iteration42" name="test_single_elim_still_works_after_kind_field" time="15.803" /><testcase classname="backend.tests.test_iteration43" name="test_version_endpoint_shape" time="0.147" /><testcase classname="backend.tests.test_iteration43" name="test_version_stable_across_calls_same_process" time="0.203" /><testcase classname="backend.tests.test_iteration44" name="test_ws_round_accepts_firebase_token_no_more_reconnecting_loop" time="1.017" /><testcase classname="backend.tests.test_iteration44" name="test_ws_round_rejects_bad_token" time="0.145" /><testcase classname="backend.tests.test_iteration45_regression" name="test_get_round" time="0.879" /><testcase classname="backend.tests.test_iteration45_regression" name="test_get_round_chat" time="0.102" /><testcase classname="backend.tests.test_iteration45_regression" name="test_get_league_members" time="0.107" /><testcase classname="backend.tests.test_iteration45_regression" name="test_join_round" time="0.107" /><testcase classname="backend.tests.test_iteration45_regression" name="test_create_card" time="0.101" /><testcase classname="backend.tests.test_iteration45_regression" name="test_patch_scorecard_score" time="0.225" /><testcase classname="backend.tests.test_iteration45_regression" name="test_auto_pair" time="0.101" /><testcase classname="backend.tests.test_iteration49" name="test_completed_round_carries_winner_name_and_id" time="35.428" /></testsuite></testsuites>