<?xml version="1.0" encoding="utf-8"?><testsuites name="pytest tests"><testsuite name="pytest" errors="0" failures="0" skipped="0" tests="17" time="9.132" timestamp="2026-08-05T21:37:45.526734+00:00" hostname="agent-env-c466b9f7-0f69-4f3a-bc63-a00b891d27f3"><testcase classname="tests.test_iteration31.TestDismissAuth" name="test_dismiss_first_run_401" time="0.145" /><testcase classname="tests.test_iteration31.TestDismissAuth" name="test_dismiss_leagues_feature_401" time="0.124" /><testcase classname="tests.test_iteration31.TestAuthSyncFirstRun" name="test_new_user_profile_has_flags" time="0.481" /><testcase classname="tests.test_iteration31.TestAuthSyncFirstRun" name="test_auth_sync_idempotent" time="0.123" /><testcase classname="tests.test_iteration31.TestDismissToggles" name="test_dismiss_first_run_sets_flag" time="0.231" /><testcase classname="tests.test_iteration31.TestDismissToggles" name="test_dismiss_first_run_idempotent" time="0.123" /><testcase classname="tests.test_iteration31.TestDismissToggles" name="test_dismiss_leagues_feature_sets_flag" time="0.655" /><testcase classname="tests.test_iteration31.TestBackfill" name="test_at_least_100_founding_members_exist" time="0.000" /><testcase classname="tests.test_iteration31.TestLeagueCoreRegression" name="test_seasons_present" time="0.242" /><testcase classname="tests.test_iteration31.TestLeagueCoreRegression" name="test_round_created" time="0.235" /><testcase classname="tests.test_iteration31.TestLeagueCoreRegression" name="test_director_create_card" time="0.425" /><testcase classname="tests.test_iteration31.TestLeagueCoreRegression" name="test_non_director_cannot_create_card" time="0.234" /><testcase classname="tests.test_iteration31.TestLeagueCoreRegression" name="test_member_self_serve_join" time="0.139" /><testcase classname="tests.test_iteration31.TestLeagueCoreRegression" name="test_join_idempotent" time="0.103" /><testcase classname="tests.test_iteration31.TestLeagueCoreRegression" name="test_outsider_join_403" time="0.560" /><testcase classname="tests.test_iteration31.TestLeagueCoreRegression" name="test_score_set" time="0.289" /><testcase classname="tests.test_iteration31.TestPerfProfile" name="test_perf_all_endpoints" time="4.949" /></testsuite></testsuites>