<?xml version="1.0" encoding="utf-8"?><testsuites name="pytest tests"><testsuite name="pytest" errors="0" failures="0" skipped="0" tests="17" time="4.942" timestamp="2026-08-05T22:11:13.857903+00:00" hostname="agent-env-c466b9f7-0f69-4f3a-bc63-a00b891d27f3"><testcase classname="backend.tests.test_iteration34.TestLedgerParity" name="test_post_ledger_401_without_auth" time="2.095" /><testcase classname="backend.tests.test_iteration34.TestLedgerParity" name="test_get_ledger_401_without_auth" time="0.133" /><testcase classname="backend.tests.test_iteration34.TestLedgerParity" name="test_post_ledger_403_for_non_director" time="0.130" /><testcase classname="backend.tests.test_iteration34.TestLedgerParity" name="test_director_can_post_ledger_and_ace_pool_increments" time="0.135" /><testcase classname="backend.tests.test_iteration34.TestLedgerParity" name="test_get_ledger_shape" time="0.142" /><testcase classname="backend.tests.test_iteration34.TestLedgerParity" name="test_get_ledger_csv" time="0.113" /><testcase classname="backend.tests.test_iteration34.TestEntryFeeCollect" name="test_collect_creates_expected_ledger_entries" time="0.255" /><testcase classname="backend.tests.test_iteration34.TestEntryFeeCollect" name="test_collect_403_for_non_director" time="0.115" /><testcase classname="backend.tests.test_iteration34.TestComplianceDashboard" name="test_401_without_auth" time="0.108" /><testcase classname="backend.tests.test_iteration34.TestComplianceDashboard" name="test_403_for_non_director_member" time="0.140" /><testcase classname="backend.tests.test_iteration34.TestComplianceDashboard" name="test_403_for_outsider" time="0.551" /><testcase classname="backend.tests.test_iteration34.TestComplianceDashboard" name="test_director_200_and_shape" time="0.121" /><testcase classname="backend.tests.test_iteration34.TestComplianceLogic" name="test_a_zero_certified" time="0.123" /><testcase classname="backend.tests.test_iteration34.TestComplianceLogic" name="test_b_flip_one" time="0.119" /><testcase classname="backend.tests.test_iteration34.TestComplianceLogic" name="test_c_flip_all" time="0.135" /><testcase classname="backend.tests.test_iteration34.TestRegression" name="test_dashboard_bundle_still_works" time="0.205" /><testcase classname="backend.tests.test_iteration34.TestRegression" name="test_dashboard_401" time="0.106" /></testsuite></testsuites>