<?xml version="1.0" encoding="utf-8"?><testsuites name="pytest tests"><testsuite name="pytest" errors="0" failures="0" skipped="0" tests="8" time="1.593" timestamp="2026-07-17T19:33:27.806778+00:00" hostname="agent-env-c466b9f7-0f69-4f3a-bc63-a00b891d27f3"><testcase classname="backend.tests.test_iteration28.TestSignupUnblocked" name="test_auth_sync_ok" time="0.589" /><testcase classname="backend.tests.test_iteration28.TestSignupUnblocked" name="test_users_me_returns_profile" time="0.134" /><testcase classname="backend.tests.test_iteration28.TestSignupUnblocked" name="test_discovery_200" time="0.214" /><testcase classname="backend.tests.test_iteration28.TestSignupUnblocked" name="test_feed_200" time="0.140" /><testcase classname="backend.tests.test_iteration28.TestSignupUnblocked" name="test_courses_200" time="0.139" /><testcase classname="backend.tests.test_iteration28.TestSignupUnblocked" name="test_leagues_200" time="0.131" /><testcase classname="backend.tests.test_iteration28.TestSignupUnblocked" name="test_messages_threads_200" time="0.170" /><testcase classname="backend.tests.test_iteration28.TestBuildArtifacts" name="test_chunk_manifest" time="0.000" /></testsuite></testsuites>