<?xml version="1.0" encoding="utf-8"?><testsuites name="pytest tests"><testsuite name="pytest" errors="0" failures="0" skipped="0" tests="26" time="5.908" timestamp="2026-07-15T17:13:15.423148+00:00" hostname="agent-env-b6a8f11f-9657-45ae-9a55-20ceed63d9d1"><testcase classname="tests.test_iteration3.TestLeagueModel" name="test_entry_fee_persisted" time="0.864" /><testcase classname="tests.test_iteration3.TestLeagueModel" name="test_divisions_persisted" time="0.000" /><testcase classname="tests.test_iteration3.TestLeagueModel" name="test_payout_split_default" time="0.000" /><testcase classname="tests.test_iteration3.TestLeagueModel" name="test_round_has_director_notes_and_ctp_fields" time="0.000" /><testcase classname="tests.test_iteration3.TestLeagueModel" name="test_league_member_has_division" time="0.116" /><testcase classname="tests.test_iteration3.TestEntryFees" name="test_collect_director_and_split" time="0.106" /><testcase classname="tests.test_iteration3.TestEntryFees" name="test_ledger_reflects_split" time="0.105" /><testcase classname="tests.test_iteration3.TestEntryFees" name="test_non_director_403" time="0.107" /><testcase classname="tests.test_iteration3.TestEntryFees" name="test_zero_entry_fee_400" time="0.216" /><testcase classname="tests.test_iteration3.TestDivision" name="test_director_updates_any" time="0.225" /><testcase classname="tests.test_iteration3.TestDivision" name="test_player_updates_self" time="0.107" /><testcase classname="tests.test_iteration3.TestDivision" name="test_player_cannot_update_other" time="0.118" /><testcase classname="tests.test_iteration3.TestDirectorNotes" name="test_director_patches_notes_and_ctp_holes" time="0.220" /><testcase classname="tests.test_iteration3.TestDirectorNotes" name="test_non_director_403" time="0.118" /><testcase classname="tests.test_iteration3.TestDirectorNotes" name="test_ws_broadcast_on_notes" time="0.683" /><testcase classname="tests.test_iteration3.TestCTP" name="test_create_ctp_valid" time="0.127" /><testcase classname="tests.test_iteration3.TestCTP" name="test_create_ctp_invalid_inches" time="0.108" /><testcase classname="tests.test_iteration3.TestCTP" name="test_create_ctp_invalid_feet" time="0.118" /><testcase classname="tests.test_iteration3.TestCTP" name="test_create_ctp_invalid_hole" time="0.126" /><testcase classname="tests.test_iteration3.TestCTP" name="test_ctp_leaderboard_sorted" time="0.359" /><testcase classname="tests.test_iteration3.TestCTP" name="test_non_member_ctp_get_403" time="0.319" /><testcase classname="tests.test_iteration3.TestCTP" name="test_delete_own_ctp_entry" time="0.233" /><testcase classname="tests.test_iteration3.TestCTP" name="test_delete_ctp_by_director" time="0.105" /><testcase classname="tests.test_iteration3.TestPayout" name="test_payout_pool_reflects_credits" time="1.010" /><testcase classname="tests.test_iteration3.TestPayout" name="test_finalize_payout_creates_debits" time="0.219" /><testcase classname="tests.test_iteration3.TestPayout" name="test_finalize_payout_non_director_403" time="0.109" /></testsuite></testsuites>