<?xml version="1.0" encoding="utf-8"?><testsuites name="pytest tests"><testsuite name="pytest" errors="0" failures="0" skipped="0" tests="9" time="5.802" timestamp="2026-07-13T21:10:34.533022+00:00" hostname="agent-env-c466b9f7-0f69-4f3a-bc63-a00b891d27f3"><testcase classname="backend.tests.test_iteration23.TestDiscoveryExclusion" name="test_friend_excluded" time="3.577" /><testcase classname="backend.tests.test_iteration23.TestDiscoveryExclusion" name="test_outgoing_friend_request_excluded" time="0.110" /><testcase classname="backend.tests.test_iteration23.TestDiscoveryExclusion" name="test_incoming_friend_request_excluded" time="0.114" /><testcase classname="backend.tests.test_iteration23.TestDiscoveryExclusion" name="test_self_excluded" time="0.107" /><testcase classname="backend.tests.test_iteration23.TestDiscoveryExclusion" name="test_uninteracted_user_appears" time="0.116" /><testcase classname="backend.tests.test_iteration23.TestLegacySwipeExclusion" name="test_swipe_pass_still_excluded" time="0.115" /><testcase classname="backend.tests.test_iteration23.TestFiltersRegression" name="test_radius_miles_smoke" time="0.103" /><testcase classname="backend.tests.test_iteration23.TestFiltersRegression" name="test_interested_in_narrows" time="0.107" /><testcase classname="backend.tests.test_iteration23.TestFiltersRegression" name="test_no_filters_returns_page" time="1.250" /></testsuite></testsuites>