<?xml version="1.0" encoding="utf-8"?><testsuites name="pytest tests"><testsuite name="pytest" errors="0" failures="0" skipped="0" tests="10" time="2.947" timestamp="2026-07-17T02:19:51.330202+00:00" hostname="agent-env-c466b9f7-0f69-4f3a-bc63-a00b891d27f3"><testcase classname="backend.tests.test_iteration26.TestLeagueMemberSchema" name="test_clubhouse_agreed_defaults_false" time="0.790" /><testcase classname="backend.tests.test_iteration26.TestScorecardSchema" name="test_scorecard_has_cert_fields" time="0.589" /><testcase classname="backend.tests.test_iteration26.TestFinalizeEnforcement" name="test_finalize_requires_certified_true" time="0.123" /><testcase classname="backend.tests.test_iteration26.TestFinalizeEnforcement" name="test_finalize_success_and_persist" time="0.248" /><testcase classname="backend.tests.test_iteration26.TestFinalizeEnforcement" name="test_score_edit_blocked_after_finalize" time="0.102" /><testcase classname="backend.tests.test_iteration26.TestFinalizeEnforcement" name="test_finalize_again_idempotent" time="0.172" /><testcase classname="backend.tests.test_iteration26.TestClubhouseAgreement" name="test_agree_persists_and_get_returns_true" time="0.439" /><testcase classname="backend.tests.test_iteration26.TestClubhouseAgreement" name="test_agree_idempotent" time="0.136" /><testcase classname="backend.tests.test_iteration26.TestAuthGating" name="test_finalize_requires_auth" time="0.145" /><testcase classname="backend.tests.test_iteration26.TestAuthGating" name="test_clubhouse_agree_requires_auth" time="0.107" /></testsuite></testsuites>