<?xml version="1.0" encoding="utf-8"?><testsuites name="pytest tests"><testsuite name="pytest" errors="0" failures="0" skipped="0" tests="15" time="8.302" timestamp="2026-07-17T03:33:20.566135+00:00" hostname="agent-env-c466b9f7-0f69-4f3a-bc63-a00b891d27f3"><testcase classname="backend.tests.test_iteration27.TestCreateLeagueP0Fix" name="test_fresh_signup_can_create_league_no_500" time="0.816" /><testcase classname="backend.tests.test_iteration27.TestCreateLeagueP0Fix" name="test_users_me_survives_email_field_edge" time="0.606" /><testcase classname="backend.tests.test_iteration27.TestSweepFinalize" name="test_requires_certified_true" time="1.507" /><testcase classname="backend.tests.test_iteration27.TestSweepFinalize" name="test_non_director_forbidden" time="0.549" /><testcase classname="backend.tests.test_iteration27.TestSweepFinalize" name="test_success_certifies_all" time="0.214" /><testcase classname="backend.tests.test_iteration27.TestSweepFinalize" name="test_empty_round_sweep_returns_200" time="0.310" /><testcase classname="backend.tests.test_iteration27.TestDmTerms" name="test_dm_terms_field_null_initially" time="0.574" /><testcase classname="backend.tests.test_iteration27.TestDmTerms" name="test_agree_sets_timestamp" time="0.640" /><testcase classname="backend.tests.test_iteration27.TestDmTerms" name="test_agree_requires_auth" time="0.446" /><testcase classname="backend.tests.test_iteration27.TestClubhouseRefactor" name="test_announcements_crud" time="0.394" /><testcase classname="backend.tests.test_iteration27.TestClubhouseRefactor" name="test_lost_found_crud" time="0.336" /><testcase classname="backend.tests.test_iteration27.TestClubhouseRefactor" name="test_stories_endpoint" time="0.220" /><testcase classname="backend.tests.test_iteration27.TestClubhouseRefactor" name="test_feed_endpoints" time="0.230" /><testcase classname="backend.tests.test_iteration27.TestRegression" name="test_core_endpoints_ok" time="0.535" /><testcase classname="backend.tests.test_iteration27.TestRegression" name="test_scorecard_finalize_still_works" time="0.835" /></testsuite></testsuites>