<?xml version="1.0" encoding="utf-8"?><testsuites name="pytest tests"><testsuite name="pytest" errors="0" failures="0" skipped="0" tests="13" time="7.719" timestamp="2026-08-05T21:58:08.781759+00:00" hostname="agent-env-c466b9f7-0f69-4f3a-bc63-a00b891d27f3"><testcase classname="backend.tests.test_iteration33.TestAuthSyncFirstRunGating" name="test_test_email_signup_never_flips_first_run" time="0.703" /><testcase classname="backend.tests.test_iteration33.TestAuthSyncFirstRunGating" name="test_first_run_count_no_drift_after_test_email_signup" time="0.502" /><testcase classname="backend.tests.test_iteration33.TestAuthSyncFirstRunGating" name="test_non_test_email_signup_gets_first_run_true" time="0.478" /><testcase classname="backend.tests.test_iteration33.TestDashboardBundleRegression" name="test_dashboard_401_no_auth" time="0.739" /><testcase classname="backend.tests.test_iteration33.TestDashboardBundleRegression" name="test_dashboard_director_200" time="0.444" /><testcase classname="backend.tests.test_iteration33.TestDashboardBundleRegression" name="test_dashboard_parity_with_individual" time="0.642" /><testcase classname="backend.tests.test_iteration33.TestDashboardBundleRegression" name="test_dashboard_perf_not_slower" time="2.547" /><testcase classname="backend.tests.test_iteration33.TestCardCreationRegression" name="test_director_can_create_card" time="0.253" /><testcase classname="backend.tests.test_iteration33.TestCardCreationRegression" name="test_non_director_cannot_create_card" time="0.728" /><testcase classname="backend.tests.test_iteration33.TestDismissEndpointsRegression" name="test_dismiss_first_run_401" time="0.124" /><testcase classname="backend.tests.test_iteration33.TestDismissEndpointsRegression" name="test_dismiss_leagues_feature_401" time="0.110" /><testcase classname="backend.tests.test_iteration33.TestDismissEndpointsRegression" name="test_dismiss_first_run_200" time="0.116" /><testcase classname="backend.tests.test_iteration33.TestDismissEndpointsRegression" name="test_dismiss_leagues_feature_200" time="0.126" /></testsuite></testsuites>