<?xml version="1.0" encoding="utf-8"?><testsuites name="pytest tests"><testsuite name="pytest" errors="0" failures="0" skipped="0" tests="22" time="8.053" timestamp="2026-08-05T22:33:01.466431+00:00" hostname="agent-env-c466b9f7-0f69-4f3a-bc63-a00b891d27f3"><testcase classname="tests.test_iteration35.TestSelfCertify" name="test_401_no_auth" time="2.652" /><testcase classname="tests.test_iteration35.TestSelfCertify" name="test_404_unknown_scorecard" time="0.121" /><testcase classname="tests.test_iteration35.TestSelfCertify" name="test_403_non_owner" time="0.122" /><testcase classname="tests.test_iteration35.TestSelfCertify" name="test_403_outsider" time="0.614" /><testcase classname="tests.test_iteration35.TestSelfCertify" name="test_200_owner_and_db_side_effects" time="0.158" /><testcase classname="tests.test_iteration35.TestSelfCertify" name="test_idempotent_no_dup_proof_log" time="0.142" /><testcase classname="tests.test_iteration35.TestComplianceReflectsSelfCert" name="test_after_a_certified_pending_shrinks" time="0.125" /><testcase classname="tests.test_iteration35.TestComplianceReflectsSelfCert" name="test_all_certified_flips_sweep_true" time="0.381" /><testcase classname="tests.test_iteration35.TestChat" name="test_get_401" time="0.293" /><testcase classname="tests.test_iteration35.TestChat" name="test_post_401" time="0.111" /><testcase classname="tests.test_iteration35.TestChat" name="test_404_missing_round" time="0.152" /><testcase classname="tests.test_iteration35.TestChat" name="test_non_member_403" time="0.110" /><testcase classname="tests.test_iteration35.TestChat" name="test_send_and_get" time="0.311" /><testcase classname="tests.test_iteration35.TestDirectorNotes" name="test_401" time="0.102" /><testcase classname="tests.test_iteration35.TestDirectorNotes" name="test_403_non_director" time="0.163" /><testcase classname="tests.test_iteration35.TestDirectorNotes" name="test_director_ok_and_persists" time="0.227" /><testcase classname="tests.test_iteration35.TestCTP" name="test_get_401" time="0.128" /><testcase classname="tests.test_iteration35.TestCTP" name="test_post_401" time="0.120" /><testcase classname="tests.test_iteration35.TestCTP" name="test_400_invalid_hole" time="0.151" /><testcase classname="tests.test_iteration35.TestCTP" name="test_400_invalid_inches" time="0.156" /><testcase classname="tests.test_iteration35.TestCTP" name="test_create_list_delete" time="1.069" /><testcase classname="tests.test_iteration35.TestRouteRegistry" name="test_no_double_mount" time="0.386" /></testsuite></testsuites>