<?xml version="1.0" encoding="utf-8"?><testsuites name="pytest tests"><testsuite name="pytest" errors="0" failures="0" skipped="0" tests="14" time="4.867" timestamp="2026-07-02T21:40:22.738931+00:00" hostname="agent-env-c466b9f7-0f69-4f3a-bc63-a00b891d27f3"><testcase classname="tests.test_iteration22.TestBrowserCompatibleVideoUrlHelper" name="test_non_cloudinary_url_unchanged" time="0.000" /><testcase classname="tests.test_iteration22.TestBrowserCompatibleVideoUrlHelper" name="test_api_uploads_path_unchanged" time="0.000" /><testcase classname="tests.test_iteration22.TestBrowserCompatibleVideoUrlHelper" name="test_none_returns_none" time="0.000" /><testcase classname="tests.test_iteration22.TestBrowserCompatibleVideoUrlHelper" name="test_empty_string_unchanged" time="0.000" /><testcase classname="tests.test_iteration22.TestBrowserCompatibleVideoUrlHelper" name="test_cloudinary_gets_transform_injected" time="0.000" /><testcase classname="tests.test_iteration22.TestBrowserCompatibleVideoUrlHelper" name="test_cloudinary_with_existing_transform_not_double_injected" time="0.000" /><testcase classname="tests.test_iteration22.TestFeedVideoUrlRewrite" name="test_feed_rewrites_cloudinary_video_url" time="1.233" /><testcase classname="tests.test_iteration22.TestFeedVideoUrlRewrite" name="test_feed_local_video_path_unchanged" time="0.148" /><testcase classname="tests.test_iteration22.TestEditPost" name="test_new_post_has_edited_at_null" time="0.331" /><testcase classname="tests.test_iteration22.TestEditPost" name="test_owner_can_edit_body" time="0.588" /><testcase classname="tests.test_iteration22.TestEditPost" name="test_non_owner_gets_404" time="1.026" /><testcase classname="tests.test_iteration22.TestEditPost" name="test_empty_body_rejected" time="0.440" /><testcase classname="tests.test_iteration22.TestEditPost" name="test_nonexistent_post_404" time="0.145" /><testcase classname="tests.test_iteration22.TestEditPost" name="test_delete_still_works" time="0.859" /></testsuite></testsuites>