<?xml version="1.0" encoding="utf-8"?><testsuites name="pytest tests"><testsuite name="pytest" errors="0" failures="2" skipped="0" tests="31" time="115.578" timestamp="2026-07-15T16:20:12.274745+00:00" hostname="agent-env-b6a8f11f-9657-45ae-9a55-20ceed63d9d1"><testcase classname="tests.backend_test.TestAuth" name="test_me_unauth_401" time="0.129" /><testcase classname="tests.backend_test.TestAuth" name="test_me_director_200" time="0.111" /><testcase classname="tests.backend_test.TestAuth" name="test_me_alpha_200" time="0.108" /><testcase classname="tests.backend_test.TestLeagues" name="test_create_league_with_schedule" time="0.173" /><testcase classname="tests.backend_test.TestLeagues" name="test_get_league_director_flag" time="0.109" /><testcase classname="tests.backend_test.TestLeagues" name="test_get_league_non_member" time="0.109" /><testcase classname="tests.backend_test.TestLeagues" name="test_list_leagues_director" time="0.102" /><testcase classname="tests.backend_test.TestLeagues" name="test_browse_leagues" time="0.156" /><testcase classname="tests.backend_test.TestLeagues" name="test_rounds_generated" time="0.106" /><testcase classname="tests.backend_test.TestMembers" name="test_alpha_joins" time="0.109" /><testcase classname="tests.backend_test.TestMembers" name="test_alpha_join_idempotent" time="0.116" /><testcase classname="tests.backend_test.TestMembers" name="test_bravo_joins" time="0.109" /><testcase classname="tests.backend_test.TestMembers" name="test_list_members_ok" time="0.099" /><testcase classname="tests.backend_test.TestMembers" name="test_list_members_non_member_403" time="0.218" /><testcase classname="tests.backend_test.TestScoring" name="test_round_status_non_director_403" time="0.113" /><testcase classname="tests.backend_test.TestScoring" name="test_round_status_director" time="0.118" /><testcase classname="tests.backend_test.TestScoring" name="test_create_card" time="0.260" /><testcase classname="tests.backend_test.TestScoring" name="test_score_update_and_proof" time="0.224" /><testcase classname="tests.backend_test.TestScoring" name="test_fill_scorecards_all_players" time="6.729" /><testcase classname="tests.backend_test.TestHandicap" name="test_second_round_and_handicap" time="72.361" /><testcase classname="tests.backend_test.TestFinalize" name="test_complete_round_awards_and_recap" time="0.463" /><testcase classname="tests.backend_test.TestLedger" name="test_add_ace_pool_credit" time="0.224" /><testcase classname="tests.backend_test.TestLedger" name="test_list_ledger" time="0.131" /><testcase classname="tests.backend_test.TestLedger" name="test_non_director_cannot_add" time="0.114" /><testcase classname="tests.backend_test.TestClubhouse" name="test_announcement_director" time="0.131" /><testcase classname="tests.backend_test.TestClubhouse" name="test_announcement_non_director_403" time="0.116" /><testcase classname="tests.backend_test.TestClubhouse" name="test_list_announcements" time="0.115" /><testcase classname="tests.backend_test.TestClubhouse" name="test_feed_post_member" time="0.239" /><testcase classname="tests.backend_test.TestClubhouse" name="test_lost_found_create_and_resolve" time="0.367" /><testcase classname="tests.backend_test.TestFilesAndStories" name="test_upload_download" time="32.016"><failure message="AssertionError: Internal Server Error&#10;assert 500 == 200&#10; +  where 500 = &lt;Response [500]&gt;.status_code">backend/tests/backend_test.py:353: in test_upload_download
    assert r.status_code == 200, r.text
E   AssertionError: Internal Server Error
E   assert 500 == 200
E    +  where 500 = &lt;Response [500]&gt;.status_code</failure></testcase><testcase classname="tests.backend_test.TestFilesAndStories" name="test_create_and_list_story" time="0.000"><failure message="KeyError: 'file_path'">backend/tests/backend_test.py:368: in test_create_and_list_story
    json={"image_path": STATE["file_path"], "caption": "TEST_story"},
                        ^^^^^^^^^^^^^^^^^^
E   KeyError: 'file_path'</failure></testcase></testsuite></testsuites>