<?xml version="1.0" encoding="utf-8"?><testsuites name="pytest tests"><testsuite name="pytest" errors="0" failures="0" skipped="0" tests="6" time="3.241" timestamp="2026-06-18T23:22:06.457342+00:00" hostname="agent-env-c466b9f7-0f69-4f3a-bc63-a00b891d27f3"><testcase classname="backend.tests.test_iteration8" name="test_chip_label_doubles_surfaces_via_discovery_filter" time="1.326" /><testcase classname="backend.tests.test_iteration8" name="test_chip_label_tournaments_surfaces_via_tournament_filter" time="0.266" /><testcase classname="backend.tests.test_iteration8" name="test_multi_chip_selection_matches_each_filter" time="0.391" /><testcase classname="backend.tests.test_iteration8" name="test_removing_label_drops_from_filter" time="0.234" /><testcase classname="backend.tests.test_iteration8" name="test_free_text_tournament_partners_regression" time="0.189" /><testcase classname="backend.tests.test_iteration8" name="test_privacy_excludes_chip_user" time="0.770" /></testsuite></testsuites>