<?xml version="1.0" encoding="utf-8"?><testsuites name="pytest tests"><testsuite name="pytest" errors="0" failures="0" skipped="0" tests="5" time="3.263" timestamp="2026-06-18T22:53:33.448938+00:00" hostname="agent-env-c466b9f7-0f69-4f3a-bc63-a00b891d27f3"><testcase classname="backend.tests.test_iteration7" name="test_discovery_filter_finds_matching_player" time="1.308" /><testcase classname="backend.tests.test_iteration7" name="test_discovery_filter_excludes_private_player" time="0.741" /><testcase classname="backend.tests.test_iteration7" name="test_discovery_filter_is_case_insensitive" time="0.099" /><testcase classname="backend.tests.test_iteration7" name="test_send_message_round_trip" time="0.296" /><testcase classname="backend.tests.test_iteration7" name="test_cannot_message_self" time="0.753" /></testsuite></testsuites>