<?xml version="1.0" encoding="utf-8"?><testsuites name="pytest tests"><testsuite name="pytest" errors="0" failures="0" skipped="0" tests="16" time="5.793" timestamp="2026-06-15T20:24:15.079656+00:00" hostname="agent-env-c466b9f7-0f69-4f3a-bc63-a00b891d27f3"><testcase classname="backend.tests.test_new_features.TestVideoUpload" name="test_post_with_mp4_via_media" time="0.866" /><testcase classname="backend.tests.test_new_features.TestVideoUpload" name="test_post_with_webm_via_media" time="0.138" /><testcase classname="backend.tests.test_new_features.TestVideoUpload" name="test_reject_oversize_video" time="0.905" /><testcase classname="backend.tests.test_new_features.TestVideoUpload" name="test_reject_renamed_txt_as_image" time="0.139" /><testcase classname="backend.tests.test_new_features.TestVideoUpload" name="test_reject_renamed_txt_as_video" time="0.112" /><testcase classname="backend.tests.test_new_features.TestFriendRequests" name="test_send_friend_request_creates_pending" time="0.565" /><testcase classname="backend.tests.test_new_features.TestFriendRequests" name="test_pending_request_appears_in_inbox" time="0.099" /><testcase classname="backend.tests.test_new_features.TestFriendRequests" name="test_inbox_excludes_mutual_likes" time="0.212" /><testcase classname="backend.tests.test_new_features.TestFriendRequests" name="test_accept_friend_request_creates_match" time="0.452" /><testcase classname="backend.tests.test_new_features.TestFriendRequests" name="test_decline_friend_request" time="0.743" /><testcase classname="backend.tests.test_new_features.TestFriendRequests" name="test_send_friend_request_auto_accepts_if_liked" time="0.239" /><testcase classname="backend.tests.test_new_features.TestFriendRequests" name="test_send_self_friend_request_400" time="0.098" /><testcase classname="backend.tests.test_new_features.TestFriendRequests" name="test_send_friend_request_unknown_uid_404" time="0.127" /><testcase classname="backend.tests.test_new_features.TestFriendRequests" name="test_accept_with_no_pending_404" time="0.100" /><testcase classname="backend.tests.test_new_features.TestInboxAuth" name="test_inbox_requires_auth" time="0.094" /><testcase classname="backend.tests.test_new_features.TestInboxAuth" name="test_inbox_shape" time="0.809" /></testsuite></testsuites>