<?xml version="1.0" encoding="utf-8"?><testsuites name="pytest tests"><testsuite name="pytest" errors="0" failures="0" skipped="0" tests="4" time="2.281" timestamp="2026-06-18T23:59:51.369722+00:00" hostname="agent-env-c466b9f7-0f69-4f3a-bc63-a00b891d27f3"><testcase classname="backend.tests.test_iteration10_extra" name="test_likes_excludes_seed_users" time="0.835" /><testcase classname="backend.tests.test_iteration10_extra" name="test_friends_excludes_seed_users" time="0.107" /><testcase classname="backend.tests.test_iteration10_extra" name="test_auth_sync_does_not_seed_inbound_likes" time="0.844" /><testcase classname="backend.tests.test_iteration10_extra" name="test_comment_nice_returns_404_for_missing_comment" time="0.430" /></testsuite></testsuites>