<?xml version="1.0" encoding="utf-8"?><testsuites name="pytest tests"><testsuite name="pytest" errors="0" failures="3" skipped="0" tests="17" time="3.855" timestamp="2026-06-15T21:20:27.749568+00:00" hostname="agent-env-c466b9f7-0f69-4f3a-bc63-a00b891d27f3"><testcase classname="backend.tests.test_iteration3.TestCloudinaryUploads" name="test_profile_picture_uploads_to_cloudinary" time="0.715"><failure message="AssertionError: {&quot;detail&quot;:[{&quot;type&quot;:&quot;missing&quot;,&quot;loc&quot;:[&quot;body&quot;,&quot;image&quot;],&quot;msg&quot;:&quot;Field required&quot;,&quot;input&quot;:null,&quot;url&quot;:&quot;https://errors.pydantic.dev/2.13/v/missing&quot;}]}&#10;assert 422 == 200&#10; +  where 422 = &lt;Response [422]&gt;.status_code">backend/tests/test_iteration3.py:77: in test_profile_picture_uploads_to_cloudinary
    assert r.status_code == 200, r.text
E   AssertionError: {"detail":[{"type":"missing","loc":["body","image"],"msg":"Field required","input":null,"url":"https://errors.pydantic.dev/2.13/v/missing"}]}
E   assert 422 == 200
E    +  where 422 = &lt;Response [422]&gt;.status_code</failure></testcase><testcase classname="backend.tests.test_iteration3.TestCloudinaryUploads" name="test_banner_uploads_to_cloudinary" time="0.095"><failure message="AssertionError: {&quot;detail&quot;:[{&quot;type&quot;:&quot;missing&quot;,&quot;loc&quot;:[&quot;body&quot;,&quot;image&quot;],&quot;msg&quot;:&quot;Field required&quot;,&quot;input&quot;:null,&quot;url&quot;:&quot;https://errors.pydantic.dev/2.13/v/missing&quot;}]}&#10;assert 422 == 200&#10; +  where 422 = &lt;Response [422]&gt;.status_code">backend/tests/test_iteration3.py:99: in test_banner_uploads_to_cloudinary
    assert r.status_code == 200, r.text
E   AssertionError: {"detail":[{"type":"missing","loc":["body","image"],"msg":"Field required","input":null,"url":"https://errors.pydantic.dev/2.13/v/missing"}]}
E   assert 422 == 200
E    +  where 422 = &lt;Response [422]&gt;.status_code</failure></testcase><testcase classname="backend.tests.test_iteration3.TestCloudinaryUploads" name="test_post_image_uploads_to_cloudinary_and_survives" time="1.475" /><testcase classname="backend.tests.test_iteration3.TestCloudinaryUploads" name="test_post_video_uploads_to_cloudinary" time="0.303"><failure message="AssertionError: Internal Server Error&#10;assert 500 == 200&#10; +  where 500 = &lt;Response [500]&gt;.status_code">backend/tests/test_iteration3.py:139: in test_post_video_uploads_to_cloudinary
    assert r.status_code == 200, r.text
E   AssertionError: Internal Server Error
E   assert 500 == 200
E    +  where 500 = &lt;Response [500]&gt;.status_code</failure></testcase><testcase classname="backend.tests.test_iteration3.TestCloudinaryUploads" name="test_magic_byte_sniff_runs_before_cloudinary" time="0.101" /><testcase classname="backend.tests.test_iteration3.TestVideoMimeWhitelist" name="test_isom_allowed" time="0.132" /><testcase classname="backend.tests.test_iteration3.TestVideoMimeWhitelist" name="test_mp41_mp42_allowed" time="0.000" /><testcase classname="backend.tests.test_iteration3.TestVideoMimeWhitelist" name="test_avc1_dash_allowed" time="0.000" /><testcase classname="backend.tests.test_iteration3.TestVideoMimeWhitelist" name="test_qt_allowed" time="0.000" /><testcase classname="backend.tests.test_iteration3.TestVideoMimeWhitelist" name="test_3gp_rejected" time="0.000" /><testcase classname="backend.tests.test_iteration3.TestVideoMimeWhitelist" name="test_heic_rejected" time="0.000" /><testcase classname="backend.tests.test_iteration3.TestVideoMimeWhitelist" name="test_avif_rejected" time="0.000" /><testcase classname="backend.tests.test_iteration3.TestVideoMimeWhitelist" name="test_webm_allowed" time="0.000" /><testcase classname="backend.tests.test_iteration3.TestVideoMimeWhitelist" name="test_garbage_rejected" time="0.000" /><testcase classname="backend.tests.test_iteration3.TestDiscoveryPagination" name="test_discovery_shape" time="0.104" /><testcase classname="backend.tests.test_iteration3.TestDiscoveryPagination" name="test_discovery_small_limit_paginates" time="0.345" /><testcase classname="backend.tests.test_iteration3.TestHydratePostLegacyShape" name="test_legacy_filename_gets_prefix" time="0.462" /></testsuite></testsuites>