<?xml version="1.0" encoding="utf-8"?><testsuites name="pytest tests"><testsuite name="pytest" errors="0" failures="0" skipped="1" tests="40" time="9.287" timestamp="2026-06-14T04:03:39.897298+00:00" hostname="agent-env-c466b9f7-0f69-4f3a-bc63-a00b891d27f3"><testcase classname="backend.tests.test_api.TestHealthAndConfig" name="test_health" time="0.145" /><testcase classname="backend.tests.test_api.TestHealthAndConfig" name="test_config" time="0.098" /><testcase classname="backend.tests.test_api.TestAuthWall" name="test_no_token_returns_401[GET-/api/users/me]" time="0.096" /><testcase classname="backend.tests.test_api.TestAuthWall" name="test_no_token_returns_401[PUT-/api/users/me]" time="0.099" /><testcase classname="backend.tests.test_api.TestAuthWall" name="test_no_token_returns_401[GET-/api/discovery]" time="0.092" /><testcase classname="backend.tests.test_api.TestAuthWall" name="test_no_token_returns_401[GET-/api/likes]" time="0.094" /><testcase classname="backend.tests.test_api.TestAuthWall" name="test_no_token_returns_401[GET-/api/feed]" time="0.108" /><testcase classname="backend.tests.test_api.TestAuthWall" name="test_no_token_returns_401[POST-/api/posts]" time="0.098" /><testcase classname="backend.tests.test_api.TestAuthWall" name="test_no_token_returns_401[POST-/api/swipes]" time="0.093" /><testcase classname="backend.tests.test_api.TestAuthWall" name="test_no_token_returns_401[POST-/api/auth/sync]" time="0.096" /><testcase classname="backend.tests.test_api.TestAuthWall" name="test_no_token_returns_401[GET-/api/users/seed-sarah]" time="0.100" /><testcase classname="backend.tests.test_api.TestAuthWall" name="test_bad_token_returns_401" time="0.092" /><testcase classname="backend.tests.test_api.TestAdminWall" name="test_admin_invites_requires_key" time="0.097" /><testcase classname="backend.tests.test_api.TestAdminWall" name="test_admin_invites_wrong_key" time="0.259" /><testcase classname="backend.tests.test_api.TestAdminWall" name="test_admin_invites_correct_key" time="0.091" /><testcase classname="backend.tests.test_api.TestAuthSyncAndProfile" name="test_auth_sync_creates_user" time="0.626" /><testcase classname="backend.tests.test_api.TestAuthSyncAndProfile" name="test_get_me" time="0.143" /><testcase classname="backend.tests.test_api.TestAuthSyncAndProfile" name="test_update_me_and_persist" time="0.194" /><testcase classname="backend.tests.test_api.TestAuthSyncAndProfile" name="test_public_profile_strips_email" time="0.610" /><testcase classname="backend.tests.test_api.TestAuthSyncAndProfile" name="test_get_unknown_user_404" time="0.102" /><testcase classname="backend.tests.test_api.TestDiscoveryAndLikes" name="test_discovery_excludes_self" time="0.109" /><testcase classname="backend.tests.test_api.TestDiscoveryAndLikes" name="test_like_seed_sarah_creates_match" time="0.110" /><testcase classname="backend.tests.test_api.TestDiscoveryAndLikes" name="test_likes_list_shows_match" time="0.094" /><testcase classname="backend.tests.test_api.TestDiscoveryAndLikes" name="test_friend_match" time="0.111" /><testcase classname="backend.tests.test_api.TestDiscoveryAndLikes" name="test_swipe_self_400" time="0.099" /><testcase classname="backend.tests.test_api.TestDiscoveryAndLikes" name="test_swipe_unknown_target_404" time="0.097" /><testcase classname="backend.tests.test_api.TestDiscoveryAndLikes" name="test_remove_like" time="0.196" /><testcase classname="backend.tests.test_api.TestDiscoveryAndLikes" name="test_pass_swipe" time="0.193" /><testcase classname="backend.tests.test_api.TestPostsAndFeed" name="test_create_public_text_post" time="0.097" /><testcase classname="backend.tests.test_api.TestPostsAndFeed" name="test_empty_post_rejected" time="0.093" /><testcase classname="backend.tests.test_api.TestPostsAndFeed" name="test_create_friends_only_post" time="0.098" /><testcase classname="backend.tests.test_api.TestPostsAndFeed" name="test_friends_only_invisible_to_stranger" time="0.105" /><testcase classname="backend.tests.test_api.TestPostsAndFeed" name="test_own_friends_only_visible_to_self" time="0.103" /><testcase classname="backend.tests.test_api.TestPostsAndFeed" name="test_post_with_image" time="0.196" /><testcase classname="backend.tests.test_api.TestPostsAndFeed" name="test_reject_oversize_image" time="0.561" /><testcase classname="backend.tests.test_api.TestPostsAndFeed" name="test_reject_unsupported_image_type" time="0.101" /><testcase classname="backend.tests.test_api.TestPostsAndFeed" name="test_feed_pagination" time="2.399" /><testcase classname="backend.tests.test_api.TestPostsAndFeed" name="test_delete_own_post" time="0.105" /><testcase classname="backend.tests.test_api.TestPostsAndFeed" name="test_delete_others_post_404" time="0.187" /><testcase classname="backend.tests.test_api.TestDiscoveryRecentPost" name="test_recent_post_only_public" time="0.782"><skipped type="pytest.skip" message="user_b not in user_a's discovery (already swiped)">/app/backend/tests/test_api.py:532: user_b not in user_a's discovery (already swiped)</skipped></testcase></testsuite></testsuites>