<?xml version="1.0" encoding="utf-8"?><testsuites name="pytest tests"><testsuite name="pytest" errors="0" failures="1" skipped="2" tests="73" time="24.136" timestamp="2026-06-15T21:24:17.706145+00:00" hostname="agent-env-c466b9f7-0f69-4f3a-bc63-a00b891d27f3"><testcase classname="backend.tests.test_iteration3.TestCloudinaryUploads" name="test_profile_picture_uploads_to_cloudinary" time="1.627" /><testcase classname="backend.tests.test_iteration3.TestCloudinaryUploads" name="test_banner_uploads_to_cloudinary" time="0.822" /><testcase classname="backend.tests.test_iteration3.TestCloudinaryUploads" name="test_post_image_uploads_to_cloudinary_and_survives" time="0.909" /><testcase classname="backend.tests.test_iteration3.TestCloudinaryUploads" name="test_post_video_uploads_to_cloudinary" time="2.104" /><testcase classname="backend.tests.test_iteration3.TestCloudinaryUploads" name="test_magic_byte_sniff_runs_before_cloudinary" time="0.118" /><testcase classname="backend.tests.test_iteration3.TestVideoMimeWhitelist" name="test_isom_allowed" time="0.142" /><testcase classname="backend.tests.test_iteration3.TestVideoMimeWhitelist" name="test_mp41_mp42_allowed" time="0.000" /><testcase classname="backend.tests.test_iteration3.TestVideoMimeWhitelist" name="test_avc1_dash_allowed" time="0.000" /><testcase classname="backend.tests.test_iteration3.TestVideoMimeWhitelist" name="test_qt_allowed" time="0.000" /><testcase classname="backend.tests.test_iteration3.TestVideoMimeWhitelist" name="test_3gp_rejected" time="0.000" /><testcase classname="backend.tests.test_iteration3.TestVideoMimeWhitelist" name="test_heic_rejected" time="0.000" /><testcase classname="backend.tests.test_iteration3.TestVideoMimeWhitelist" name="test_avif_rejected" time="0.000" /><testcase classname="backend.tests.test_iteration3.TestVideoMimeWhitelist" name="test_webm_allowed" time="0.000" /><testcase classname="backend.tests.test_iteration3.TestVideoMimeWhitelist" name="test_garbage_rejected" time="0.000" /><testcase classname="backend.tests.test_iteration3.TestDiscoveryPagination" name="test_discovery_shape" time="0.150" /><testcase classname="backend.tests.test_iteration3.TestDiscoveryPagination" name="test_discovery_small_limit_paginates" time="0.209" /><testcase classname="backend.tests.test_iteration3.TestHydratePostLegacyShape" name="test_legacy_filename_gets_prefix" time="0.449" /><testcase classname="backend.tests.test_new_features.TestVideoUpload" name="test_post_with_mp4_via_media" time="2.655" /><testcase classname="backend.tests.test_new_features.TestVideoUpload" name="test_post_with_webm_via_media" time="0.280"><skipped type="pytest.skip" message="Cloudinary rejected the fake webm bytes (expected with live cloud storage)">/app/backend/tests/test_new_features.py:135: Cloudinary rejected the fake webm bytes (expected with live cloud storage)</skipped></testcase><testcase classname="backend.tests.test_new_features.TestVideoUpload" name="test_reject_oversize_video" time="0.829" /><testcase classname="backend.tests.test_new_features.TestVideoUpload" name="test_reject_renamed_txt_as_image" time="0.131" /><testcase classname="backend.tests.test_new_features.TestVideoUpload" name="test_reject_renamed_txt_as_video" time="0.107" /><testcase classname="backend.tests.test_new_features.TestFriendRequests" name="test_send_friend_request_creates_pending" time="0.558" /><testcase classname="backend.tests.test_new_features.TestFriendRequests" name="test_pending_request_appears_in_inbox" time="0.098" /><testcase classname="backend.tests.test_new_features.TestFriendRequests" name="test_inbox_excludes_mutual_likes" time="0.199" /><testcase classname="backend.tests.test_new_features.TestFriendRequests" name="test_accept_friend_request_creates_match" time="0.399" /><testcase classname="backend.tests.test_new_features.TestFriendRequests" name="test_decline_friend_request" time="0.775" /><testcase classname="backend.tests.test_new_features.TestFriendRequests" name="test_send_friend_request_auto_accepts_if_liked" time="0.214" /><testcase classname="backend.tests.test_new_features.TestFriendRequests" name="test_send_self_friend_request_400" time="0.099" /><testcase classname="backend.tests.test_new_features.TestFriendRequests" name="test_send_friend_request_unknown_uid_404" time="0.112" /><testcase classname="backend.tests.test_new_features.TestFriendRequests" name="test_accept_with_no_pending_404" time="0.137" /><testcase classname="backend.tests.test_new_features.TestInboxAuth" name="test_inbox_requires_auth" time="0.098" /><testcase classname="backend.tests.test_new_features.TestInboxAuth" name="test_inbox_shape" time="0.774" /><testcase classname="backend.tests.test_api.TestHealthAndConfig" name="test_health" time="0.096" /><testcase classname="backend.tests.test_api.TestHealthAndConfig" name="test_config" time="0.102" /><testcase classname="backend.tests.test_api.TestAuthWall" name="test_no_token_returns_401[GET-/api/users/me]" time="0.107" /><testcase classname="backend.tests.test_api.TestAuthWall" name="test_no_token_returns_401[PUT-/api/users/me]" time="0.101" /><testcase classname="backend.tests.test_api.TestAuthWall" name="test_no_token_returns_401[GET-/api/discovery]" time="0.098" /><testcase classname="backend.tests.test_api.TestAuthWall" name="test_no_token_returns_401[GET-/api/likes]" time="0.091" /><testcase classname="backend.tests.test_api.TestAuthWall" name="test_no_token_returns_401[GET-/api/feed]" time="0.095" /><testcase classname="backend.tests.test_api.TestAuthWall" name="test_no_token_returns_401[POST-/api/posts]" time="0.106" /><testcase classname="backend.tests.test_api.TestAuthWall" name="test_no_token_returns_401[POST-/api/swipes]" time="0.092" /><testcase classname="backend.tests.test_api.TestAuthWall" name="test_no_token_returns_401[POST-/api/auth/sync]" time="0.099" /><testcase classname="backend.tests.test_api.TestAuthWall" name="test_no_token_returns_401[GET-/api/users/seed-sarah]" time="0.099" /><testcase classname="backend.tests.test_api.TestAuthWall" name="test_bad_token_returns_401" time="0.102" /><testcase classname="backend.tests.test_api.TestAdminWall" name="test_admin_invites_requires_key" time="0.109" /><testcase classname="backend.tests.test_api.TestAdminWall" name="test_admin_invites_wrong_key" time="0.095" /><testcase classname="backend.tests.test_api.TestAdminWall" name="test_admin_invites_correct_key" time="0.179" /><testcase classname="backend.tests.test_api.TestAuthSyncAndProfile" name="test_auth_sync_creates_user" time="0.464" /><testcase classname="backend.tests.test_api.TestAuthSyncAndProfile" name="test_get_me" time="0.140" /><testcase classname="backend.tests.test_api.TestAuthSyncAndProfile" name="test_update_me_and_persist" time="0.196" /><testcase classname="backend.tests.test_api.TestAuthSyncAndProfile" name="test_public_profile_strips_email" time="0.680" /><testcase classname="backend.tests.test_api.TestAuthSyncAndProfile" name="test_get_unknown_user_404" time="0.097" /><testcase classname="backend.tests.test_api.TestDiscoveryAndLikes" name="test_discovery_excludes_self" time="0.109"><failure message="AssertionError: assert ('seed-sarah' in {'2CWhqRlVU3Xn63AEtIzX58c3By42', '5PQ3cMoUaxWeUUwh7WwFMazHQcJ3', '62yT8UYp2lRdL79wiK4MKUGvPCg1', '67j2YslPvjPsyDjOZyGpxntpTOH3', 'CcGyMjKd6CSDQsM6SAiYg2Nhjt82', 'Csc9WSj6bqhJPQXHZlvbvYU5Ncy1', ...} or 'seed-amanda' in {'2CWhqRlVU3Xn63AEtIzX58c3By42', '5PQ3cMoUaxWeUUwh7WwFMazHQcJ3', '62yT8UYp2lRdL79wiK4MKUGvPCg1', '67j2YslPvjPsyDjOZyGpxntpTOH3', 'CcGyMjKd6CSDQsM6SAiYg2Nhjt82', 'Csc9WSj6bqhJPQXHZlvbvYU5Ncy1', ...})">backend/tests/test_api.py:247: in test_discovery_excludes_self
    assert "seed-sarah" in uids or "seed-amanda" in uids
E   AssertionError: assert ('seed-sarah' in {'2CWhqRlVU3Xn63AEtIzX58c3By42', '5PQ3cMoUaxWeUUwh7WwFMazHQcJ3', '62yT8UYp2lRdL79wiK4MKUGvPCg1', '67j2YslPvjPsyDjOZyGpxntpTOH3', 'CcGyMjKd6CSDQsM6SAiYg2Nhjt82', 'Csc9WSj6bqhJPQXHZlvbvYU5Ncy1', ...} or 'seed-amanda' in {'2CWhqRlVU3Xn63AEtIzX58c3By42', '5PQ3cMoUaxWeUUwh7WwFMazHQcJ3', '62yT8UYp2lRdL79wiK4MKUGvPCg1', '67j2YslPvjPsyDjOZyGpxntpTOH3', 'CcGyMjKd6CSDQsM6SAiYg2Nhjt82', 'Csc9WSj6bqhJPQXHZlvbvYU5Ncy1', ...})</failure></testcase><testcase classname="backend.tests.test_api.TestDiscoveryAndLikes" name="test_like_seed_sarah_creates_match" time="0.103" /><testcase classname="backend.tests.test_api.TestDiscoveryAndLikes" name="test_likes_list_shows_match" time="0.096" /><testcase classname="backend.tests.test_api.TestDiscoveryAndLikes" name="test_friend_match" time="0.102" /><testcase classname="backend.tests.test_api.TestDiscoveryAndLikes" name="test_swipe_self_400" time="0.100" /><testcase classname="backend.tests.test_api.TestDiscoveryAndLikes" name="test_swipe_unknown_target_404" time="0.111" /><testcase classname="backend.tests.test_api.TestDiscoveryAndLikes" name="test_remove_like" time="0.192" /><testcase classname="backend.tests.test_api.TestDiscoveryAndLikes" name="test_pass_swipe" time="0.223" /><testcase classname="backend.tests.test_api.TestPostsAndFeed" name="test_create_public_text_post" time="0.125" /><testcase classname="backend.tests.test_api.TestPostsAndFeed" name="test_empty_post_rejected" time="0.095" /><testcase classname="backend.tests.test_api.TestPostsAndFeed" name="test_create_friends_only_post" time="0.110" /><testcase classname="backend.tests.test_api.TestPostsAndFeed" name="test_friends_only_invisible_to_stranger" time="0.119" /><testcase classname="backend.tests.test_api.TestPostsAndFeed" name="test_own_friends_only_visible_to_self" time="0.104" /><testcase classname="backend.tests.test_api.TestPostsAndFeed" name="test_post_with_image" time="0.798" /><testcase classname="backend.tests.test_api.TestPostsAndFeed" name="test_reject_oversize_image" time="0.539" /><testcase classname="backend.tests.test_api.TestPostsAndFeed" name="test_reject_unsupported_image_type" time="0.104" /><testcase classname="backend.tests.test_api.TestPostsAndFeed" name="test_feed_pagination" time="2.619" /><testcase classname="backend.tests.test_api.TestPostsAndFeed" name="test_delete_own_post" time="0.107" /><testcase classname="backend.tests.test_api.TestPostsAndFeed" name="test_delete_others_post_404" time="0.195" /><testcase classname="backend.tests.test_api.TestDiscoveryRecentPost" name="test_recent_post_only_public" time="0.831"><skipped type="pytest.skip" message="user_b not in user_a's discovery (already swiped)">/app/backend/tests/test_api.py:539: user_b not in user_a's discovery (already swiped)</skipped></testcase></testsuite></testsuites>