<?xml version="1.0" encoding="utf-8"?><testsuites name="pytest tests"><testsuite name="pytest" errors="0" failures="0" skipped="0" tests="12" time="2.426" timestamp="2026-06-18T22:05:10.165736+00:00" hostname="agent-env-c466b9f7-0f69-4f3a-bc63-a00b891d27f3"><testcase classname="backend.tests.test_iteration4.TestDiscoveryShape" name="test_default_response_has_players_and_next_cursor" time="0.804" /><testcase classname="backend.tests.test_iteration4.TestDiscoveryShape" name="test_each_player_has_distance_miles_key" time="0.099" /><testcase classname="backend.tests.test_iteration4.TestDiscoveryShape" name="test_distance_miles_field_when_radius_filter_active" time="0.101" /><testcase classname="backend.tests.test_iteration4.TestProfileGeocoding" name="test_update_location_does_not_crash_on_garbage" time="0.092" /><testcase classname="backend.tests.test_iteration4.TestProfileGeocoding" name="test_clearing_location_clears_lat_lng" time="0.432" /><testcase classname="backend.tests.test_iteration4" name="test_radius_filter_includes_near_excludes_far" time="0.340" /><testcase classname="backend.tests.test_iteration4.TestRadiusEdgeCases" name="test_radius_zero_treated_as_no_filter" time="0.137" /><testcase classname="backend.tests.test_iteration4.TestRadiusEdgeCases" name="test_radius_negative_treated_as_no_filter" time="0.330" /><testcase classname="backend.tests.test_geocode" name="test_haversine_miles_basic" time="0.008" /><testcase classname="backend.tests.test_geocode" name="test_geocode_returns_cached_value" time="0.004" /><testcase classname="backend.tests.test_geocode" name="test_geocode_skips_empty_input" time="0.000" /><testcase classname="backend.tests.test_geocode" name="test_geocode_calls_nominatim_on_miss" time="0.002" /></testsuite></testsuites>