<?xml version="1.0" encoding="utf-8"?><testsuites name="pytest tests"><testsuite name="pytest" errors="0" failures="0" skipped="0" tests="3" time="2.153" timestamp="2026-06-18T22:39:10.366920+00:00" hostname="agent-env-c466b9f7-0f69-4f3a-bc63-a00b891d27f3"><testcase classname="backend.tests.test_iteration6" name="test_interested_in_saves_and_returns_on_self_lookup" time="0.724" /><testcase classname="backend.tests.test_iteration6" name="test_interested_in_is_stripped_when_private_for_other_viewers" time="0.749" /><testcase classname="backend.tests.test_iteration6" name="test_interested_in_visible_when_not_private" time="0.619" /></testsuite></testsuites>