<?xml version="1.0" encoding="utf-8"?><testsuites name="pytest tests"><testsuite name="pytest" errors="0" failures="0" skipped="0" tests="3" time="2.188" timestamp="2026-06-18T22:27:16.138185+00:00" hostname="agent-env-c466b9f7-0f69-4f3a-bc63-a00b891d27f3"><testcase classname="backend.tests.test_iteration5" name="test_feed_post_includes_recent_comments_field" time="0.774" /><testcase classname="backend.tests.test_iteration5" name="test_feed_post_returns_up_to_3_newest_comments_chronological" time="0.788" /><testcase classname="backend.tests.test_iteration5" name="test_user_posts_endpoint_also_carries_recent_comments" time="0.559" /></testsuite></testsuites>