<?xml version="1.0" encoding="utf-8"?><testsuites name="pytest tests"><testsuite name="pytest" errors="0" failures="5" skipped="3" tests="91" time="36.107" timestamp="2026-06-18T22:39:20.611199+00:00" hostname="agent-env-c466b9f7-0f69-4f3a-bc63-a00b891d27f3"><testcase classname="backend.tests.test_api.TestHealthAndConfig" name="test_health" time="0.120" /><testcase classname="backend.tests.test_api.TestHealthAndConfig" name="test_config" time="0.092" /><testcase classname="backend.tests.test_api.TestAuthWall" name="test_no_token_returns_401[GET-/api/users/me]" time="0.099" /><testcase classname="backend.tests.test_api.TestAuthWall" name="test_no_token_returns_401[PUT-/api/users/me]" time="0.119" /><testcase classname="backend.tests.test_api.TestAuthWall" name="test_no_token_returns_401[GET-/api/discovery]" time="0.101" /><testcase classname="backend.tests.test_api.TestAuthWall" name="test_no_token_returns_401[GET-/api/likes]" time="0.101" /><testcase classname="backend.tests.test_api.TestAuthWall" name="test_no_token_returns_401[GET-/api/feed]" time="0.104" /><testcase classname="backend.tests.test_api.TestAuthWall" name="test_no_token_returns_401[POST-/api/posts]" time="0.093" /><testcase classname="backend.tests.test_api.TestAuthWall" name="test_no_token_returns_401[POST-/api/swipes]" time="0.104" /><testcase classname="backend.tests.test_api.TestAuthWall" name="test_no_token_returns_401[POST-/api/auth/sync]" time="0.107" /><testcase classname="backend.tests.test_api.TestAuthWall" name="test_no_token_returns_401[GET-/api/users/seed-sarah]" time="0.105" /><testcase classname="backend.tests.test_api.TestAuthWall" name="test_bad_token_returns_401" time="0.091" /><testcase classname="backend.tests.test_api.TestAdminWall" name="test_admin_invites_requires_key" time="0.101" /><testcase classname="backend.tests.test_api.TestAdminWall" name="test_admin_invites_wrong_key" time="0.102" /><testcase classname="backend.tests.test_api.TestAdminWall" name="test_admin_invites_correct_key" time="0.100" /><testcase classname="backend.tests.test_api.TestAuthSyncAndProfile" name="test_auth_sync_creates_user" time="0.452" /><testcase classname="backend.tests.test_api.TestAuthSyncAndProfile" name="test_get_me" time="0.090" /><testcase classname="backend.tests.test_api.TestAuthSyncAndProfile" name="test_update_me_and_persist" time="0.202" /><testcase classname="backend.tests.test_api.TestAuthSyncAndProfile" name="test_public_profile_strips_email" time="0.661" /><testcase classname="backend.tests.test_api.TestAuthSyncAndProfile" name="test_get_unknown_user_404" time="0.098" /><testcase classname="backend.tests.test_api.TestDiscoveryAndLikes" name="test_discovery_excludes_self" time="0.208"><failure message="assert False&#10; +  where False = any(&lt;generator object TestDiscoveryAndLikes.test_discovery_excludes_self.&lt;locals&gt;.&lt;genexpr&gt; at 0xf9f50e7d43c0&gt;)">E   assert False
     +  where False = any(&lt;generator object TestDiscoveryAndLikes.test_discovery_excludes_self.&lt;locals&gt;.&lt;genexpr&gt; at 0xf9f50e7d43c0&gt;)</failure></testcase><testcase classname="backend.tests.test_api.TestDiscoveryAndLikes" name="test_like_seed_sarah_creates_match" time="0.100"><failure message="assert 404 == 200&#10; +  where 404 = &lt;Response [404]&gt;.status_code">E   assert 404 == 200
     +  where 404 = &lt;Response [404]&gt;.status_code</failure></testcase><testcase classname="backend.tests.test_api.TestDiscoveryAndLikes" name="test_likes_list_shows_match" time="0.109"><failure message="assert None is not None">E   assert None is not None</failure></testcase><testcase classname="backend.tests.test_api.TestDiscoveryAndLikes" name="test_friend_match" time="0.096"><failure message="assert 404 == 200&#10; +  where 404 = &lt;Response [404]&gt;.status_code">E   assert 404 == 200
     +  where 404 = &lt;Response [404]&gt;.status_code</failure></testcase><testcase classname="backend.tests.test_api.TestDiscoveryAndLikes" name="test_swipe_self_400" time="0.097" /><testcase classname="backend.tests.test_api.TestDiscoveryAndLikes" name="test_swipe_unknown_target_404" time="0.103" /><testcase classname="backend.tests.test_api.TestDiscoveryAndLikes" name="test_remove_like" time="0.205" /><testcase classname="backend.tests.test_api.TestDiscoveryAndLikes" name="test_pass_swipe" time="0.209" /><testcase classname="backend.tests.test_api.TestPostsAndFeed" name="test_create_public_text_post" time="0.113" /><testcase classname="backend.tests.test_api.TestPostsAndFeed" name="test_empty_post_rejected" time="0.098" /><testcase classname="backend.tests.test_api.TestPostsAndFeed" name="test_create_friends_only_post" time="0.106" /><testcase classname="backend.tests.test_api.TestPostsAndFeed" name="test_friends_only_invisible_to_stranger" time="0.151" /><testcase classname="backend.tests.test_api.TestPostsAndFeed" name="test_own_friends_only_visible_to_self" time="0.148" /><testcase classname="backend.tests.test_api.TestPostsAndFeed" name="test_post_with_image" time="0.902" /><testcase classname="backend.tests.test_api.TestPostsAndFeed" name="test_reject_oversize_image" time="0.579" /><testcase classname="backend.tests.test_api.TestPostsAndFeed" name="test_reject_unsupported_image_type" time="0.101" /><testcase classname="backend.tests.test_api.TestPostsAndFeed" name="test_feed_pagination" time="2.593" /><testcase classname="backend.tests.test_api.TestPostsAndFeed" name="test_delete_own_post" time="0.111" /><testcase classname="backend.tests.test_api.TestPostsAndFeed" name="test_delete_others_post_404" time="0.199" /><testcase classname="backend.tests.test_api.TestDiscoveryRecentPost" name="test_recent_post_only_public" time="0.372"><skipped type="pytest.skip" message="user_b not in user_a's discovery (already swiped)">/app/backend/tests/test_api.py:555: user_b not in user_a's discovery (already swiped)</skipped></testcase><testcase classname="backend.tests.test_geocode" name="test_haversine_miles_basic" time="0.140" /><testcase classname="backend.tests.test_geocode" name="test_geocode_returns_cached_value" time="0.003" /><testcase classname="backend.tests.test_geocode" name="test_geocode_skips_empty_input" time="0.000" /><testcase classname="backend.tests.test_geocode" name="test_geocode_calls_nominatim_on_miss" time="0.003" /><testcase classname="backend.tests.test_iteration3.TestCloudinaryUploads" name="test_profile_picture_uploads_to_cloudinary" time="1.444" /><testcase classname="backend.tests.test_iteration3.TestCloudinaryUploads" name="test_banner_uploads_to_cloudinary" time="0.706" /><testcase classname="backend.tests.test_iteration3.TestCloudinaryUploads" name="test_post_image_uploads_to_cloudinary_and_survives" time="0.827" /><testcase classname="backend.tests.test_iteration3.TestCloudinaryUploads" name="test_post_video_uploads_to_cloudinary" time="0.000"><skipped type="pytest.skip" message="Real sample mp4 not available at /tmp/test.mp4">/app/backend/tests/test_iteration3.py:136: Real sample mp4 not available at /tmp/test.mp4</skipped></testcase><testcase classname="backend.tests.test_iteration3.TestCloudinaryUploads" name="test_magic_byte_sniff_runs_before_cloudinary" time="0.109" /><testcase classname="backend.tests.test_iteration3.TestVideoMimeWhitelist" name="test_isom_allowed" time="0.001" /><testcase classname="backend.tests.test_iteration3.TestVideoMimeWhitelist" name="test_mp41_mp42_allowed" time="0.000" /><testcase classname="backend.tests.test_iteration3.TestVideoMimeWhitelist" name="test_avc1_dash_allowed" time="0.000" /><testcase classname="backend.tests.test_iteration3.TestVideoMimeWhitelist" name="test_qt_allowed" time="0.000" /><testcase classname="backend.tests.test_iteration3.TestVideoMimeWhitelist" name="test_3gp_rejected" time="0.000" /><testcase classname="backend.tests.test_iteration3.TestVideoMimeWhitelist" name="test_heic_rejected" time="0.000" /><testcase classname="backend.tests.test_iteration3.TestVideoMimeWhitelist" name="test_avif_rejected" time="0.000" /><testcase classname="backend.tests.test_iteration3.TestVideoMimeWhitelist" name="test_webm_allowed" time="0.000" /><testcase classname="backend.tests.test_iteration3.TestVideoMimeWhitelist" name="test_garbage_rejected" time="0.000" /><testcase classname="backend.tests.test_iteration3.TestDiscoveryPagination" name="test_discovery_shape" time="0.099" /><testcase classname="backend.tests.test_iteration3.TestDiscoveryPagination" name="test_discovery_small_limit_paginates" time="0.206" /><testcase classname="backend.tests.test_iteration3.TestHydratePostLegacyShape" name="test_legacy_filename_gets_prefix" time="0.450" /><testcase classname="backend.tests.test_iteration4.TestDiscoveryShape" name="test_default_response_has_players_and_next_cursor" time="0.551" /><testcase classname="backend.tests.test_iteration4.TestDiscoveryShape" name="test_each_player_has_distance_miles_key" time="0.095" /><testcase classname="backend.tests.test_iteration4.TestDiscoveryShape" name="test_distance_miles_field_when_radius_filter_active" time="0.100" /><testcase classname="backend.tests.test_iteration4.TestProfileGeocoding" name="test_update_location_does_not_crash_on_garbage" time="0.098" /><testcase classname="backend.tests.test_iteration4.TestProfileGeocoding" name="test_clearing_location_clears_lat_lng" time="0.309" /><testcase classname="backend.tests.test_iteration4" name="test_radius_filter_includes_near_excludes_far" time="0.205" /><testcase classname="backend.tests.test_iteration4.TestRadiusEdgeCases" name="test_radius_zero_treated_as_no_filter" time="0.102" /><testcase classname="backend.tests.test_iteration4.TestRadiusEdgeCases" name="test_radius_negative_treated_as_no_filter" time="0.336" /><testcase classname="backend.tests.test_iteration5" name="test_feed_post_includes_recent_comments_field" time="0.659" /><testcase classname="backend.tests.test_iteration5" name="test_feed_post_returns_up_to_3_newest_comments_chronological" time="0.757" /><testcase classname="backend.tests.test_iteration5" name="test_user_posts_endpoint_also_carries_recent_comments" time="0.532" /><testcase classname="backend.tests.test_iteration6" name="test_interested_in_saves_and_returns_on_self_lookup" time="0.602" /><testcase classname="backend.tests.test_iteration6" name="test_interested_in_is_stripped_when_private_for_other_viewers" time="0.718" /><testcase classname="backend.tests.test_iteration6" name="test_interested_in_visible_when_not_private" time="0.627" /><testcase classname="backend.tests.test_new_features.TestVideoUpload" name="test_post_with_mp4_via_media" time="0.898"><failure message="AssertionError: Internal Server Error&#10;assert 500 == 200&#10; +  where 500 = &lt;Response [500]&gt;.status_code">E   AssertionError: Internal Server Error
    assert 500 == 200
     +  where 500 = &lt;Response [500]&gt;.status_code</failure></testcase><testcase classname="backend.tests.test_new_features.TestVideoUpload" name="test_post_with_webm_via_media" time="0.320"><skipped type="pytest.skip" message="Cloudinary rejected the fake webm bytes (expected with live cloud storage)">/app/backend/tests/test_new_features.py:135: Cloudinary rejected the fake webm bytes (expected with live cloud storage)</skipped></testcase><testcase classname="backend.tests.test_new_features.TestVideoUpload" name="test_reject_oversize_video" time="1.194" /><testcase classname="backend.tests.test_new_features.TestVideoUpload" name="test_reject_renamed_txt_as_image" time="0.104" /><testcase classname="backend.tests.test_new_features.TestVideoUpload" name="test_reject_renamed_txt_as_video" time="0.171" /><testcase classname="backend.tests.test_new_features.TestFriendRequests" name="test_send_friend_request_creates_pending" time="0.535" /><testcase classname="backend.tests.test_new_features.TestFriendRequests" name="test_pending_request_appears_in_inbox" time="0.107" /><testcase classname="backend.tests.test_new_features.TestFriendRequests" name="test_inbox_excludes_mutual_likes" time="0.195" /><testcase classname="backend.tests.test_new_features.TestFriendRequests" name="test_accept_friend_request_creates_match" time="0.415" /><testcase classname="backend.tests.test_new_features.TestFriendRequests" name="test_decline_friend_request" time="0.842" /><testcase classname="backend.tests.test_new_features.TestFriendRequests" name="test_send_friend_request_auto_accepts_if_liked" time="0.225" /><testcase classname="backend.tests.test_new_features.TestFriendRequests" name="test_send_self_friend_request_400" time="0.127" /><testcase classname="backend.tests.test_new_features.TestFriendRequests" name="test_send_friend_request_unknown_uid_404" time="0.098" /><testcase classname="backend.tests.test_new_features.TestFriendRequests" name="test_accept_with_no_pending_404" time="0.099" /><testcase classname="backend.tests.test_new_features.TestInboxAuth" name="test_inbox_requires_auth" time="10.101" /><testcase classname="backend.tests.test_new_features.TestInboxAuth" name="test_inbox_shape" time="1.223" /></testsuite></testsuites>