<?xml version="1.0" encoding="utf-8"?><testsuites name="pytest tests"><testsuite name="pytest" errors="0" failures="0" skipped="0" tests="5" time="3.167" timestamp="2026-06-18T23:59:10.426929+00:00" hostname="agent-env-c466b9f7-0f69-4f3a-bc63-a00b891d27f3"><testcase classname="backend.tests.test_iteration10" name="test_discovery_excludes_seed_users" time="0.713" /><testcase classname="backend.tests.test_iteration10" name="test_inbox_excludes_seed_likes" time="0.105" /><testcase classname="backend.tests.test_iteration10" name="test_comment_nice_toggle_round_trip" time="0.832" /><testcase classname="backend.tests.test_iteration10" name="test_feed_carries_comment_reactions" time="0.572" /><testcase classname="backend.tests.test_iteration10" name="test_list_comments_carries_reactions" time="0.880" /></testsuite></testsuites>